Logfile initialized
[INFO] logfile = /Users/admin/Documents/Titanium Studio Workspace/MIGNews/build.log
[DEBUG] /Users/admin/Library/Application Support/Titanium/mobilesdk/osx/3.0.2.GA/android/builder.py simulator MIGNews /Users/admin/Library/Application Support/android-sdk-macosx /Users/admin/Documents/Titanium Studio Workspace/MIGNews ua.com.ipublisher.mignews 17 WXGA800 
[INFO] Building MIGNews for Android ... one moment
[INFO] plugin=/Users/admin/Library/Application Support/Titanium/plugins/ti.alloy/1.0/plugin.py
[INFO] Detected compiler plugin: ti.alloy/1.0
[INFO] Titanium SDK version: 3.0.2 (02/15/13 19:02 5a77fe7)
[DEBUG] Waiting for device to be ready ...
[TRACE] adb devices returned 1 devices/emulators
[DEBUG] Device connected... (waited 0 seconds)
[DEBUG] waited 0.024236 seconds on emulator to get ready
[DEBUG] ua.com.ipublisher.mignews installed? True
[INFO] Fastdev server running, deploying in Fastdev mode
[INFO] Copying CommonJS modules...
[INFO] Copying project resources..
[TRACE] COPYING MODIFIED FILE: /Users/admin/Documents/Titanium Studio Workspace/MIGNews/Resources/alloy/backbone.js => /Users/admin/Documents/Titanium Studio Workspace/MIGNews/build/android/bin/assets/Resources/alloy/backbone.js
[TRACE] COPYING MODIFIED FILE: /Users/admin/Documents/Titanium Studio Workspace/MIGNews/Resources/alloy/CFG.js => /Users/admin/Documents/Titanium Studio Workspace/MIGNews/build/android/bin/assets/Resources/alloy/CFG.js
[TRACE] COPYING MODIFIED FILE: /Users/admin/Documents/Titanium Studio Workspace/MIGNews/Resources/alloy/controllers/article.js => /Users/admin/Documents/Titanium Studio Workspace/MIGNews/build/android/bin/assets/Resources/alloy/controllers/article.js
[TRACE] COPYING MODIFIED FILE: /Users/admin/Documents/Titanium Studio Workspace/MIGNews/Resources/alloy/controllers/BaseController.js => /Users/admin/Documents/Titanium Studio Workspace/MIGNews/build/android/bin/assets/Resources/alloy/controllers/BaseController.js
[TRACE] COPYING MODIFIED FILE: /Users/admin/Documents/Titanium Studio Workspace/MIGNews/Resources/alloy/controllers/extraNews.js => /Users/admin/Documents/Titanium Studio Workspace/MIGNews/build/android/bin/assets/Resources/alloy/controllers/extraNews.js
[TRACE] COPYING MODIFIED FILE: /Users/admin/Documents/Titanium Studio Workspace/MIGNews/Resources/alloy/controllers/header.js => /Users/admin/Documents/Titanium Studio Workspace/MIGNews/build/android/bin/assets/Resources/alloy/controllers/header.js
[TRACE] COPYING MODIFIED FILE: /Users/admin/Documents/Titanium Studio Workspace/MIGNews/Resources/alloy/controllers/index.js => /Users/admin/Documents/Titanium Studio Workspace/MIGNews/build/android/bin/assets/Resources/alloy/controllers/index.js
[TRACE] COPYING MODIFIED FILE: /Users/admin/Documents/Titanium Studio Workspace/MIGNews/Resources/alloy/controllers/menuRow.js => /Users/admin/Documents/Titanium Studio Workspace/MIGNews/build/android/bin/assets/Resources/alloy/controllers/menuRow.js
[TRACE] COPYING MODIFIED FILE: /Users/admin/Documents/Titanium Studio Workspace/MIGNews/Resources/alloy/controllers/MIGNews.js => /Users/admin/Documents/Titanium Studio Workspace/MIGNews/build/android/bin/assets/Resources/alloy/controllers/MIGNews.js
[TRACE] COPYING MODIFIED FILE: /Users/admin/Documents/Titanium Studio Workspace/MIGNews/Resources/alloy/controllers/singleNews.js => /Users/admin/Documents/Titanium Studio Workspace/MIGNews/build/android/bin/assets/Resources/alloy/controllers/singleNews.js
[TRACE] COPYING MODIFIED FILE: /Users/admin/Documents/Titanium Studio Workspace/MIGNews/Resources/alloy/measurement.js => /Users/admin/Documents/Titanium Studio Workspace/MIGNews/build/android/bin/assets/Resources/alloy/measurement.js
[TRACE] COPYING MODIFIED FILE: /Users/admin/Documents/Titanium Studio Workspace/MIGNews/Resources/alloy/sync/localStorage.js => /Users/admin/Documents/Titanium Studio Workspace/MIGNews/build/android/bin/assets/Resources/alloy/sync/localStorage.js
[TRACE] COPYING MODIFIED FILE: /Users/admin/Documents/Titanium Studio Workspace/MIGNews/Resources/alloy/sync/properties.js => /Users/admin/Documents/Titanium Studio Workspace/MIGNews/build/android/bin/assets/Resources/alloy/sync/properties.js
[TRACE] COPYING MODIFIED FILE: /Users/admin/Documents/Titanium Studio Workspace/MIGNews/Resources/alloy/sync/sql.js => /Users/admin/Documents/Titanium Studio Workspace/MIGNews/build/android/bin/assets/Resources/alloy/sync/sql.js
[TRACE] COPYING MODIFIED FILE: /Users/admin/Documents/Titanium Studio Workspace/MIGNews/Resources/alloy/sync/util.js => /Users/admin/Documents/Titanium Studio Workspace/MIGNews/build/android/bin/assets/Resources/alloy/sync/util.js
[TRACE] COPYING MODIFIED FILE: /Users/admin/Documents/Titanium Studio Workspace/MIGNews/Resources/alloy/underscore.js => /Users/admin/Documents/Titanium Studio Workspace/MIGNews/build/android/bin/assets/Resources/alloy/underscore.js
[TRACE] COPYING MODIFIED FILE: /Users/admin/Documents/Titanium Studio Workspace/MIGNews/Resources/alloy/widgets/ip.slideMenu/controllers/widget.js => /Users/admin/Documents/Titanium Studio Workspace/MIGNews/build/android/bin/assets/Resources/alloy/widgets/ip.slideMenu/controllers/widget.js
[TRACE] COPYING MODIFIED FILE: /Users/admin/Documents/Titanium Studio Workspace/MIGNews/Resources/alloy.js => /Users/admin/Documents/Titanium Studio Workspace/MIGNews/build/android/bin/assets/Resources/alloy.js
[TRACE] COPYING MODIFIED FILE: /Users/admin/Documents/Titanium Studio Workspace/MIGNews/Resources/app.js => /Users/admin/Documents/Titanium Studio Workspace/MIGNews/build/android/bin/assets/Resources/app.js
[TRACE] COPYING MODIFIED FILE: /Users/admin/Documents/Titanium Studio Workspace/MIGNews/Resources/Data.js => /Users/admin/Documents/Titanium Studio Workspace/MIGNews/build/android/bin/assets/Resources/Data.js
[INFO] Tiapp.xml unchanged, skipping class generation
[DEBUG] Processing Android resource drawables
[DEBUG] found drawable-long-land-hdpi splash screen at /Users/admin/Documents/Titanium Studio Workspace/MIGNews/Resources/android/images/res-long-land-hdpi/default.png
[DEBUG] found drawable-long-land-ldpi splash screen at /Users/admin/Documents/Titanium Studio Workspace/MIGNews/Resources/android/images/res-long-land-ldpi/default.png
[DEBUG] found drawable-long-port-hdpi splash screen at /Users/admin/Documents/Titanium Studio Workspace/MIGNews/Resources/android/images/res-long-port-hdpi/default.png
[DEBUG] found drawable-long-port-ldpi splash screen at /Users/admin/Documents/Titanium Studio Workspace/MIGNews/Resources/android/images/res-long-port-ldpi/default.png
[DEBUG] found drawable-notlong-land-hdpi splash screen at /Users/admin/Documents/Titanium Studio Workspace/MIGNews/Resources/android/images/res-notlong-land-hdpi/default.png
[DEBUG] found drawable-notlong-land-ldpi splash screen at /Users/admin/Documents/Titanium Studio Workspace/MIGNews/Resources/android/images/res-notlong-land-ldpi/default.png
[DEBUG] found drawable-notlong-land-mdpi splash screen at /Users/admin/Documents/Titanium Studio Workspace/MIGNews/Resources/android/images/res-notlong-land-mdpi/default.png
[DEBUG] found drawable-notlong-port-hdpi splash screen at /Users/admin/Documents/Titanium Studio Workspace/MIGNews/Resources/android/images/res-notlong-port-hdpi/default.png
[DEBUG] found drawable-notlong-port-ldpi splash screen at /Users/admin/Documents/Titanium Studio Workspace/MIGNews/Resources/android/images/res-notlong-port-ldpi/default.png
[DEBUG] found drawable-notlong-port-mdpi splash screen at /Users/admin/Documents/Titanium Studio Workspace/MIGNews/Resources/android/images/res-notlong-port-mdpi/default.png
[INFO] Re-launching application ... MIGNews
[INFO] Launching application ... MIGNews
[TRACE] Launch output: Starting: Intent { act=android.intent.action.MAIN cat=[android.intent.category.LAUNCHER] flg=0x10200000 cmp=ua.com.ipublisher.mignews/.MignewsActivity }
Warning: Activity not started, its current task has been brought to the front

[DEBUG] signal caught: 15
[DEBUG] calling emulator kill on 636
